TN:virtio_test
SF:/home/hakob/Desktop/LinusTorvalds/linux_5_10_y/arch/x86/include/asm/page_64.h
DA:18,0
DA:20,0
DA:23,0
DA:25,0
end_of_record
SF:/home/hakob/Desktop/LinusTorvalds/linux_5_10_y/include/linux/rcupdate.h
DA:66,0
DA:68,0
DA:71,0
DA:73,0
DA:74,0
DA:656,0
DA:658,0
DA:659,0
DA:660,0
DA:661,0
DA:708,0
DA:710,0
DA:712,0
DA:713,0
DA:714,0
end_of_record
SF:/home/hakob/Desktop/LinusTorvalds/linux_5_10_y/include/linux/cpu.h
DA:149,7
DA:150,7
end_of_record
SF:/home/hakob/Desktop/LinusTorvalds/linux_5_10_y/include/trace/events/xdp.h
FN:28,trace_xdp_exception
FNDA:0,trace_xdp_exception
DA:28,0
end_of_record
SF:/home/hakob/Desktop/LinusTorvalds/linux_5_10_y/include/asm-generic/bitops/instrumented-atomic.h
FN:26,set_bit
FNDA:19,set_bit
DA:26,26
DA:28,26
DA:29,26
DA:30,19
DA:39,0
DA:41,0
DA:42,0
end_of_record
SF:/home/hakob/Desktop/LinusTorvalds/linux_5_10_y/include/linux/scatterlist.h
FN:87,sg_assign_page
FNDA:0,sg_assign_page
FN:139,sg_set_buf
FNDA:0,sg_set_buf
DA:87,0
DA:89,0
DA:95,0
DA:99,0
DA:100,0
DA:116,0
DA:119,0
DA:120,0
DA:121,0
DA:139,0
DA:145,0
DA:146,0
end_of_record
SF:/home/hakob/Desktop/LinusTorvalds/linux_5_10_y/include/net/xdp.h
FN:147,xdp_update_frame_from_buff
FNDA:0,xdp_update_frame_from_buff
FN:176,xdp_convert_buff_to_frame
FNDA:0,xdp_convert_buff_to_frame
DA:147,0
DA:150,0
DA:153,0
DA:154,0
DA:155,0
DA:156,0
DA:160,0
DA:161,0
DA:162,0
DA:165,0
DA:166,0
DA:167,0
DA:168,0
DA:169,0
DA:171,0
DA:176,0
DA:178,0
DA:180,0
DA:181,0
DA:184,0
DA:185,0
DA:189,0
DA:191,0
end_of_record
SF:/home/hakob/Desktop/LinusTorvalds/linux_5_10_y/include/linux/filter.h
DA:749,0
DA:758,0
end_of_record
SF:/home/hakob/Desktop/LinusTorvalds/linux_5_10_y/arch/x86/include/asm/qspinlock.h
FN:54,queued_spin_unlock
FNDA:0,queued_spin_unlock
DA:54,0
DA:56,0
DA:57,0
end_of_record
SF:/home/hakob/Desktop/LinusTorvalds/linux_5_10_y/include/linux/cpumask.h
DA:110,14
DA:112,14
DA:332,14
DA:334,14
DA:365,0
DA:367,0
DA:411,7
DA:413,7
end_of_record
SF:/home/hakob/Desktop/LinusTorvalds/linux_5_10_y/include/linux/virtio_net.h
FN:10,virtio_net_hdr_match_proto
FNDA:0,virtio_net_hdr_match_proto
FN:25,virtio_net_hdr_set_proto
FNDA:0,virtio_net_hdr_set_proto
FN:46,virtio_net_hdr_to_skb
FNDA:0,virtio_net_hdr_to_skb
FN:165,virtio_net_hdr_from_skb
FNDA:0,virtio_net_hdr_from_skb
DA:10,0
DA:12,0
DA:13,0
DA:14,0
DA:15,0
DA:16,0
DA:17,0
DA:18,0
DA:19,0
DA:25,0
DA:28,0
DA:31,0
DA:32,0
DA:34,0
DA:35,0
DA:36,0
DA:37,0
DA:38,0
DA:46,0
DA:50,0
DA:51,0
DA:52,0
DA:53,0
DA:55,0
DA:56,0
DA:62,0
DA:63,0
DA:64,0
DA:65,0
DA:66,0
DA:67,0
DA:68,0
DA:69,0
DA:70,0
DA:71,0
DA:76,0
DA:77,0
DA:79,0
DA:83,0
DA:85,0
DA:86,0
DA:87,0
DA:88,0
DA:90,0
DA:93,0
DA:96,0
DA:97,0
DA:103,0
DA:104,0
DA:106,0
DA:107,0
DA:109,0
DA:110,0
DA:111,0
DA:112,0
DA:114,0
DA:116,0
DA:117,0
DA:121,0
DA:122,0
DA:123,0
DA:124,0
DA:129,0
DA:130,0
DA:131,0
DA:134,0
DA:135,0
DA:136,0
DA:137,0
DA:142,0
DA:143,0
DA:144,0
DA:145,0
DA:148,0
DA:149,0
DA:152,0
DA:153,0
DA:154,0
DA:157,0
DA:158,0
DA:165,0
DA:171,0
DA:173,0
DA:174,0
DA:177,0
DA:178,0
DA:179,0
DA:180,0
DA:181,0
DA:182,0
DA:183,0
DA:184,0
DA:187,0
DA:188,0
DA:192,0
DA:193,0
DA:194,0
DA:195,0
DA:196,0
DA:197,0
DA:198,0
DA:200,0
end_of_record
SF:/home/hakob/Desktop/LinusTorvalds/linux_5_10_y/drivers/net/virtio_net_test.c
FN:4,fake_klist_get
FNDA:6,fake_klist_get
FN:6,fake_get
FNDA:7,fake_get
FN:9,fake_set_status
FNDA:6,fake_set_status
FN:11,fake_reset
FNDA:0,fake_reset
FN:13,mock_get_status
FNDA:6,mock_get_status
FN:15,mock_notify
FNDA:0,mock_notify
FN:17,mock_get
FNDA:2,mock_get
FN:24,mock_init_virtqueues
FNDA:6,mock_init_virtqueues
FN:37,mock_init_kobjects
FNDA:6,mock_init_kobjects
FN:65,find_vqs_simple
FNDA:2,find_vqs_simple
FN:93,mock_find_vqs_simple
FNDA:2,mock_find_vqs_simple
FN:100,mock_find_vqs_stress
FNDA:4,mock_find_vqs_stress
FN:203,test_0
FNDA:1,test_0
FN:233,test_1
FNDA:1,test_1
FN:265,test_2
FNDA:1,test_2
FN:301,test_3
FNDA:1,test_3
FN:335,test_4
FNDA:1,test_4
FN:370,test_5
FNDA:1,test_5
DA:4,6
DA:6,7
DA:7,7
DA:9,6
DA:11,0
DA:13,6
DA:15,0
DA:17,2
DA:19,2
DA:20,2
DA:21,2
DA:22,2
DA:24,6
DA:27,6
DA:28,6
DA:30,20
DA:31,14
DA:32,14
DA:33,14
DA:35,6
DA:37,6
DA:38,6
DA:39,6
DA:40,6
DA:42,6
DA:43,6
DA:45,6
DA:46,6
DA:48,6
DA:49,6
DA:50,6
DA:53,6
DA:55,6
DA:56,6
DA:58,6
DA:59,6
DA:62,6
DA:63,6
DA:65,2
DA:69,2
DA:70,2
DA:73,2
DA:75,2
DA:77,2
DA:78,2
DA:80,2
DA:81,0
DA:83,2
DA:85,2
DA:88,2
DA:90,2
DA:93,2
DA:97,2
DA:100,4
DA:105,4
DA:106,4
DA:107,4
DA:108,4
DA:109,4
DA:110,4
DA:112,4
DA:114,4
DA:115,8
DA:116,4
DA:117,4
DA:119,4
DA:120,4
DA:121,4
DA:122,4
DA:125,4
DA:128,4
DA:129,4
DA:130,4
DA:131,0
DA:133,4
DA:137,4
DA:138,4
DA:139,4
DA:140,0
DA:142,4
DA:146,4
DA:147,4
DA:148,4
DA:149,4
DA:150,4
DA:151,4
DA:153,4
DA:154,4
DA:155,4
DA:156,4
DA:157,4
DA:158,4
DA:160,4
DA:161,4
DA:162,4
DA:163,4
DA:164,4
DA:166,4
DA:167,4
DA:169,4
DA:172,4
DA:174,4
DA:203,1
DA:205,1
DA:206,1
DA:207,1
DA:208,1
DA:213,1
DA:216,1
DA:217,1
DA:218,1
DA:219,1
DA:222,1
DA:223,1
DA:226,1
DA:228,1
DA:229,1
DA:233,1
DA:234,1
DA:235,1
DA:236,1
DA:237,1
DA:242,1
DA:245,1
DA:246,1
DA:247,1
DA:248,1
DA:251,1
DA:254,1
DA:255,1
DA:258,1
DA:260,1
DA:261,1
DA:265,1
DA:267,1
DA:268,1
DA:269,1
DA:270,1
DA:275,1
DA:278,1
DA:279,1
DA:280,1
DA:281,1
DA:284,1
DA:285,1
DA:287,1
DA:290,1
DA:291,1
DA:294,1
DA:296,1
DA:297,1
DA:301,1
DA:303,1
DA:304,1
DA:305,1
DA:306,1
DA:311,1
DA:314,1
DA:315,1
DA:316,1
DA:317,1
DA:320,1
DA:321,1
DA:324,1
DA:325,1
DA:328,1
DA:330,1
DA:331,1
DA:335,1
DA:336,1
DA:337,1
DA:338,1
DA:339,1
DA:344,1
DA:347,1
DA:348,1
DA:349,1
DA:350,1
DA:353,1
DA:355,1
DA:356,1
DA:359,1
DA:360,1
DA:363,1
DA:365,1
DA:366,1
DA:370,1
DA:372,1
DA:373,1
DA:374,1
DA:375,1
DA:380,1
DA:383,1
DA:384,1
DA:385,1
DA:386,1
DA:390,1
DA:393,1
DA:394,1
DA:397,1
DA:399,1
DA:400,1
end_of_record
SF:/home/hakob/Desktop/LinusTorvalds/linux_5_10_y/arch/x86/include/asm/atomic.h
DA:23,14
DA:29,14
DA:39,6
DA:41,6
DA:93,0
DA:95,0
DA:121,0
DA:123,0
end_of_record
SF:/home/hakob/Desktop/LinusTorvalds/linux_5_10_y/include/linux/mm.h
FN:858,virt_to_head_page
FNDA:0,virt_to_head_page
FN:1109,page_is_devmap_managed
FNDA:0,page_is_devmap_managed
FN:1158,get_page
FNDA:0,get_page
FN:1180,put_page
FNDA:0,put_page
DA:705,0
DA:707,0
DA:708,0
DA:858,0
DA:860,0
DA:862,0
DA:1085,0
DA:1087,0
DA:1088,0
DA:1092,0
DA:1094,0
DA:1109,0
DA:1111,0
DA:1113,0
DA:1115,0
DA:1120,0
DA:1122,0
DA:1158,0
DA:1160,0
DA:1165,0
DA:1166,0
DA:1167,0
DA:1180,0
DA:1182,0
DA:1190,0
DA:1191,0
DA:1192,0
DA:1195,0
DA:1196,0
DA:1529,0
DA:1531,0
end_of_record
SF:/home/hakob/Desktop/LinusTorvalds/linux_5_10_y/arch/x86/include/asm/jump_label.h
DA:23,7
DA:25,7
DA:34,7
DA:35,7
end_of_record
SF:/home/hakob/Desktop/LinusTorvalds/linux_5_10_y/include/linux/page-flags.h
DA:183,0
DA:185,0
DA:187,0
DA:188,0
end_of_record
SF:/home/hakob/Desktop/LinusTorvalds/linux_5_10_y/include/linux/jump_label.h
DA:198,0
DA:200,0
end_of_record
SF:/home/hakob/Desktop/LinusTorvalds/linux_5_10_y/include/linux/etherdevice.h
FN:223,eth_random_addr
FNDA:5,eth_random_addr
DA:223,5
DA:225,5
DA:226,5
DA:227,5
DA:228,5
DA:263,5
DA:265,5
DA:266,5
DA:267,5
end_of_record
SF:/home/hakob/Desktop/LinusTorvalds/linux_5_10_y/include/linux/err.h
DA:29,0
DA:31,0
DA:34,0
DA:36,0
end_of_record
SF:/home/hakob/Desktop/LinusTorvalds/linux_5_10_y/arch/x86/include/asm/paravirt.h
DA:557,0
DA:559,0
end_of_record
SF:/home/hakob/Desktop/LinusTorvalds/linux_5_10_y/include/uapi/linux/ethtool.h
DA:1736,0
DA:1738,0
DA:1746,0
DA:1748,0
end_of_record
SF:/home/hakob/Desktop/LinusTorvalds/linux_5_10_y/include/linux/netdevice.h
FN:516,napi_enable
FNDA:0,napi_enable
FN:2422,netif_tx_napi_add
FNDA:7,netif_tx_napi_add
FN:3179,dev_parse_header_protocol
FNDA:0,dev_parse_header_protocol
FN:3362,netif_tx_wake_all_queues
FNDA:1,netif_tx_wake_all_queues
FN:3623,netif_start_subqueue
FNDA:0,netif_start_subqueue
FN:3637,netif_stop_subqueue
FNDA:0,netif_stop_subqueue
FN:3814,get_netdev_rx_queue_index
FNDA:0,get_netdev_rx_queue_index
FN:4255,__netif_tx_trylock
FNDA:0,__netif_tx_trylock
FN:4301,netif_tx_lock
FNDA:0,netif_tx_lock
FN:4329,netif_tx_unlock
FNDA:0,netif_tx_unlock
FN:4346,netif_tx_unlock_bh
FNDA:0,netif_tx_unlock_bh
DA:516,0
DA:518,0
DA:519,0
DA:520,0
DA:521,0
DA:522,0
DA:2266,1
DA:2269,0
DA:2377,9
DA:2379,9
DA:2422,7
DA:2427,7
DA:2428,7
DA:2429,7
DA:3179,0
DA:3181,0
DA:3183,0
DA:3185,0
DA:3322,0
DA:3324,0
DA:3362,1
DA:3364,1
DA:3366,2
DA:3367,1
DA:3368,1
DA:3370,1
DA:3372,0
DA:3374,0
DA:3407,0
DA:3409,0
DA:3604,0
DA:3606,0
DA:3623,0
DA:3625,0
DA:3627,0
DA:3628,0
DA:3637,0
DA:3639,0
DA:3640,0
DA:3641,0
DA:3671,0
DA:3673,0
DA:3675,0
DA:3676,0
DA:3814,0
DA:3817,0
DA:3818,0
DA:3820,0
DA:3821,0
DA:3865,0
DA:3867,0
DA:4230,0
DA:4232,0
DA:4234,0
DA:4235,0
DA:4255,0
DA:4257,0
DA:4259,0
DA:4261,0
DA:4263,0
DA:4266,0
DA:4269,0
DA:4270,0
DA:4271,0
DA:4301,0
DA:4303,0
DA:4304,0
DA:4306,0
DA:4307,0
DA:4308,0
DA:4309,0
DA:4317,0
DA:4318,0
DA:4319,0
DA:4321,0
DA:4323,0
DA:4325,0
DA:4326,0
DA:4329,0
DA:4331,0
DA:4333,0
DA:4334,0
DA:4340,0
DA:4341,0
DA:4343,0
DA:4344,0
DA:4346,0
DA:4348,0
DA:4349,0
DA:4350,0
DA:4804,0
DA:4806,0
end_of_record
SF:/home/hakob/Desktop/LinusTorvalds/linux_5_10_y/include/linux/string.h
DA:313,0
DA:315,0
DA:316,4
DA:319,0
DA:320,0
DA:321,0
DA:322,0
DA:323,0
DA:324,0
DA:329,0
DA:331,0
DA:332,0
DA:333,0
DA:334,0
DA:335,0
DA:340,6
DA:342,6
DA:343,6
DA:344,6
DA:345,2
DA:346,2
DA:347,0
DA:348,4
DA:349,4
DA:350,4
DA:351,0
DA:352,4
DA:353,0
DA:354,4
DA:355,4
DA:377,7
DA:379,7
DA:380,7
DA:381,0
DA:382,7
DA:383,0
DA:384,0
DA:387,0
DA:389,0
DA:390,0
DA:391,0
DA:392,0
DA:393,0
DA:394,0
DA:395,0
DA:397,0
DA:398,0
DA:399,0
DA:465,0
DA:467,0
DA:468,0
DA:469,0
DA:470,0
DA:471,0
DA:472,0
end_of_record
SF:/home/hakob/Desktop/LinusTorvalds/linux_5_10_y/include/linux/bottom_half.h
DA:10,0
DA:12,0
DA:13,0
DA:17,0
DA:19,0
DA:30,0
DA:32,0
end_of_record
SF:/home/hakob/Desktop/LinusTorvalds/linux_5_10_y/include/linux/slab.h
FN:584,kmalloc_array
FNDA:104,kmalloc_array
FN:662,kzalloc
FNDA:7,kzalloc
DA:318,69
DA:325,69
DA:332,0
DA:346,69
DA:348,69
DA:351,69
DA:354,65
DA:356,65
DA:358,47
DA:359,47
DA:360,35
DA:361,18
DA:362,18
DA:363,6
DA:364,0
DA:365,0
DA:366,0
DA:367,0
DA:478,0
DA:480,0
DA:481,0
DA:538,69
DA:540,69
DA:542,69
DA:544,69
DA:545,0
DA:547,69
DA:549,0
DA:552,138
DA:553,69
DA:557,0
DA:584,104
DA:586,104
DA:588,104
DA:590,104
DA:591,124
DA:592,42
DA:601,90
DA:603,52
DA:662,7
DA:664,7
end_of_record
SF:/home/hakob/Desktop/LinusTorvalds/linux_5_10_y/include/linux/overflow.h
DA:52,104
DA:54,104
end_of_record
SF:/home/hakob/Desktop/LinusTorvalds/linux_5_10_y/include/linux/spinlock.h
DA:209,0
DA:211,0
DA:212,0
DA:213,0
DA:352,0
DA:354,0
DA:357,0
DA:359,0
DA:362,0
DA:364,0
DA:392,0
DA:394,0
DA:397,0
DA:399,0
end_of_record
SF:/home/hakob/Desktop/LinusTorvalds/linux_5_10_y/include/linux/workqueue.h
FN:566,schedule_work
FNDA:1,schedule_work
FN:623,schedule_delayed_work
FNDA:0,schedule_delayed_work
DA:504,1
DA:507,1
DA:518,0
DA:522,0
DA:566,1
DA:568,1
DA:623,0
DA:626,0
end_of_record
SF:/home/hakob/Desktop/LinusTorvalds/linux_5_10_y/include/linux/list.h
DA:33,14
DA:35,14
DA:36,14
end_of_record
SF:/home/hakob/Desktop/LinusTorvalds/linux_5_10_y/include/linux/spinlock_api_smp.h
DA:148,0
DA:150,0
DA:151,0
DA:152,0
DA:153,0
end_of_record
SF:/home/hakob/Desktop/LinusTorvalds/linux_5_10_y/include/linux/u64_stats_sync.h
DA:143,0
end_of_record
SF:/home/hakob/Desktop/LinusTorvalds/linux_5_10_y/include/linux/netfilter/nf_conntrack_common.h
FN:31,nf_conntrack_put
FNDA:0,nf_conntrack_put
DA:31,0
DA:33,0
DA:34,0
DA:35,0
end_of_record
SF:/home/hakob/Desktop/LinusTorvalds/linux_5_10_y/include/linux/virtio_byteorder.h
DA:16,0
DA:18,0
DA:21,0
DA:24,0
DA:26,0
DA:29,0
end_of_record
SF:/home/hakob/Desktop/LinusTorvalds/linux_5_10_y/include/linux/gfp.h
DA:545,0
DA:547,0
end_of_record
SF:/home/hakob/Desktop/LinusTorvalds/linux_5_10_y/include/linux/log2.h
DA:30,0
DA:32,0
end_of_record
SF:/home/hakob/Desktop/LinusTorvalds/linux_5_10_y/include/asm-generic/atomic-instrumented.h
DA:25,14
DA:27,14
DA:28,14
DA:43,6
DA:45,6
DA:46,6
DA:238,0
DA:240,0
DA:241,0
DA:746,0
DA:748,0
DA:749,0
end_of_record
SF:/home/hakob/Desktop/LinusTorvalds/linux_5_10_y/include/linux/virtio_config.h
FN:114,__virtio_test_bit
FNDA:233,__virtio_test_bit
FN:165,virtio_has_feature
FNDA:187,virtio_has_feature
FN:229,virtio_device_ready
FNDA:7,virtio_device_ready
FN:255,virtqueue_set_affinity
FNDA:14,virtqueue_set_affinity
FN:437,__virtio_cread_many
FNDA:2,__virtio_cread_many
FN:474,virtio_cwrite8
FNDA:0,virtio_cwrite8
FN:481,virtio_cread16
FNDA:1,virtio_cread16
DA:114,233
DA:118,233
DA:119,198
DA:121,35
DA:123,233
DA:148,0
DA:152,0
DA:155,0
DA:157,0
DA:158,0
DA:165,233
DA:168,187
DA:169,187
DA:171,229
DA:229,7
DA:231,7
DA:233,7
DA:234,7
DA:235,7
DA:238,2
DA:240,2
DA:242,2
DA:255,14
DA:257,14
DA:258,14
DA:259,2
DA:272,4
DA:274,0
DA:279,4
DA:281,3
DA:284,0
DA:286,0
DA:294,0
DA:296,0
DA:304,0
DA:306,0
DA:437,2
DA:441,4
DA:442,2
DA:443,2
DA:445,2
DA:446,2
DA:447,2
DA:449,14
DA:450,12
DA:451,12
DA:453,4
DA:454,2
DA:455,2
DA:456,2
DA:458,2
DA:462,2
DA:463,2
DA:474,0
DA:477,0
DA:478,0
DA:479,0
DA:481,1
DA:484,1
DA:486,1
DA:487,1
DA:488,1
end_of_record
SF:/home/hakob/Desktop/LinusTorvalds/linux_5_10_y/include/linux/page_ref.h
DA:114,0
DA:116,0
DA:117,0
DA:146,0
DA:148,0
DA:150,0
DA:152,0
end_of_record
SF:/home/hakob/Desktop/LinusTorvalds/linux_5_10_y/include/linux/cpuhotplug.h
DA:279,2
DA:286,2
DA:321,14
DA:324,14
DA:372,0
DA:374,0
DA:375,0
DA:403,0
DA:406,0
end_of_record
SF:/home/hakob/Desktop/LinusTorvalds/linux_5_10_y/arch/x86/include/asm/vdso/processor.h
DA:11,0
DA:13,0
DA:16,0
DA:18,0
DA:19,0
end_of_record
SF:/home/hakob/Desktop/LinusTorvalds/linux_5_10_y/include/linux/virtio.h
DA:183,6
DA:185,6
end_of_record
SF:/home/hakob/Desktop/LinusTorvalds/linux_5_10_y/arch/x86/include/asm/bitops.h
DA:52,26
DA:54,19
DA:55,7
DA:56,0
DA:57,0
DA:60,19
DA:72,0
DA:74,0
DA:75,0
DA:204,0
DA:206,0
DA:207,0
DA:210,0
DA:212,0
DA:214,0
DA:219,0
DA:366,0
DA:368,0
DA:374,0
DA:377,0
end_of_record
SF:/home/hakob/Desktop/LinusTorvalds/linux_5_10_y/include/asm-generic/getorder.h
FN:29,get_order
FNDA:0,get_order
DA:29,0
DA:31,0
DA:32,0
DA:35,0
DA:38,0
DA:41,0
DA:42,0
DA:46,0
end_of_record
SF:/home/hakob/Desktop/LinusTorvalds/linux_5_10_y/include/linux/bitmap.h
FN:243,bitmap_zero
FNDA:7,bitmap_zero
DA:243,7
DA:245,7
DA:246,7
DA:247,7
end_of_record
SF:/home/hakob/Desktop/LinusTorvalds/linux_5_10_y/arch/x86/include/asm/preempt.h
DA:77,0
DA:79,0
end_of_record
SF:/home/hakob/Desktop/LinusTorvalds/linux_5_10_y/include/asm-generic/bitops/instrumented-non-atomic.h
FN:132,test_bit
FNDA:0,test_bit
DA:132,0
DA:134,0
DA:135,0
end_of_record
SF:/home/hakob/Desktop/LinusTorvalds/linux_5_10_y/include/linux/skbuff.h
FN:1334,skb_flow_dissect_flow_keys_basic
FNDA:0,skb_flow_dissect_flow_keys_basic
FN:1441,skb_zcopy
FNDA:0,skb_zcopy
FN:1657,skb_header_cloned
FNDA:0,skb_header_cloned
FN:2286,skb_put_data
FNDA:0,skb_put_data
FN:2310,__skb_pull
FNDA:0,__skb_pull
FN:2338,pskb_may_pull
FNDA:0,pskb_may_pull
FN:2765,skb_orphan
FNDA:0,skb_orphan
FN:3296,skb_can_coalesce
FNDA:0,skb_can_coalesce
FN:3892,skb_tx_timestamp
FNDA:0,skb_tx_timestamp
DA:328,0
DA:330,0
DA:1099,0
DA:1102,0
DA:1334,0
DA:1340,0
DA:1341,0
DA:1412,0
DA:1414,0
DA:1441,0
DA:1443,0
DA:1445,0
DA:1657,0
DA:1659,0
DA:1661,0
DA:1664,0
DA:1665,0
DA:1666,0
DA:2113,0
DA:2115,0
DA:2118,0
DA:2120,0
DA:2286,0
DA:2289,0
DA:2291,0
DA:2293,0
DA:2302,0
DA:2304,0
DA:2305,0
DA:2306,0
DA:2310,0
DA:2312,0
DA:2313,0
DA:2314,0
DA:2338,0
DA:2340,0
DA:2342,0
DA:2344,0
DA:2355,0
DA:2357,0
DA:2366,0
DA:2368,0
DA:2394,0
DA:2396,0
DA:2397,0
DA:2514,0
DA:2516,0
DA:2519,0
DA:2521,0
DA:2524,0
DA:2527,0
DA:2528,0
DA:2572,0
DA:2574,0
DA:2610,0
DA:2612,0
DA:2620,0
DA:2622,0
DA:2765,0
DA:2767,0
DA:2768,0
DA:2769,0
DA:2770,0
DA:2772,0
DA:2774,0
DA:2883,0
DA:2886,0
DA:2957,0
DA:2959,0
DA:2999,0
DA:3001,0
DA:3296,0
DA:3299,0
DA:3301,0
DA:3302,0
DA:3304,0
DA:3305,0
DA:3817,0
DA:3819,0
DA:3820,0
DA:3892,0
DA:3894,0
DA:3895,0
DA:3896,0
DA:3897,0
DA:4131,0
DA:4134,0
DA:4270,0
DA:4273,0
DA:4274,0
DA:4276,0
DA:4355,0
DA:4357,0
DA:4365,0
DA:4367,0
DA:4468,0
DA:4470,0
end_of_record
SF:/home/hakob/Desktop/LinusTorvalds/linux_5_10_y/drivers/net/virtio_net.c
FN:315,get_a_page
FNDA:0,get_a_page
FN:328,enable_delayed_refill
FNDA:0,enable_delayed_refill
FN:335,disable_delayed_refill
FNDA:0,disable_delayed_refill
FN:342,virtqueue_napi_schedule
FNDA:0,virtqueue_napi_schedule
FN:351,virtqueue_napi_complete
FNDA:0,virtqueue_napi_complete
FN:365,skb_xmit_done
FNDA:0,skb_xmit_done
FN:398,page_to_skb
FNDA:0,page_to_skb
FN:484,__virtnet_xdp_xmit_one
FNDA:0,__virtnet_xdp_xmit_one
FN:548,virtnet_xdp_xmit
FNDA:0,virtnet_xdp_xmit
FN:623,virtnet_get_headroom
FNDA:0,virtnet_get_headroom
FN:642,xdp_linearize_page
FNDA:0,xdp_linearize_page
FN:696,receive_small
FNDA:0,receive_small
FN:836,receive_big
FNDA:0,receive_big
FN:859,receive_mergeable
FNDA:0,receive_mergeable
FN:1106,receive_buf
FNDA:0,receive_buf
FN:1170,add_recvbuf_small
FNDA:0,add_recvbuf_small
FN:1196,add_recvbuf_big
FNDA:0,add_recvbuf_big
FN:1261,add_recvbuf_mergeable
FNDA:0,add_recvbuf_mergeable
FN:1311,try_fill_recv
FNDA:0,try_fill_recv
FN:1340,skb_recv_done
FNDA:0,skb_recv_done
FN:1348,virtnet_napi_enable
FNDA:0,virtnet_napi_enable
FN:1361,virtnet_napi_tx_enable
FNDA:0,virtnet_napi_tx_enable
FN:1385,refill_work
FNDA:0,refill_work
FN:1407,virtnet_receive
FNDA:0,virtnet_receive
FN:1454,free_old_xmit_skbs
FNDA:0,free_old_xmit_skbs
FN:1500,virtnet_poll_cleantx
FNDA:0,virtnet_poll_cleantx
FN:1519,virtnet_poll
FNDA:0,virtnet_poll
FN:1552,virtnet_open
FNDA:0,virtnet_open
FN:1583,virtnet_poll_tx
FNDA:0,virtnet_poll_tx
FN:1629,xmit_skb
FNDA:0,xmit_skb
FN:1676,start_xmit
FNDA:0,start_xmit
FN:1755,virtnet_send_command
FNDA:0,virtnet_send_command
FN:1794,virtnet_set_mac_address
FNDA:0,virtnet_set_mac_address
FN:1841,virtnet_stats
FNDA:13,virtnet_stats
FN:1879,virtnet_ack_link_announce
FNDA:0,virtnet_ack_link_announce
FN:1888,_virtnet_set_queues
FNDA:7,_virtnet_set_queues
FN:1914,virtnet_set_queues
FNDA:7,virtnet_set_queues
FN:1924,virtnet_close
FNDA:0,virtnet_close
FN:1943,virtnet_set_rx_mode
FNDA:0,virtnet_set_rx_mode
FN:2013,virtnet_vlan_rx_add_vid
FNDA:0,virtnet_vlan_rx_add_vid
FN:2028,virtnet_vlan_rx_kill_vid
FNDA:0,virtnet_vlan_rx_kill_vid
FN:2043,virtnet_clean_affinity
FNDA:0,virtnet_clean_affinity
FN:2057,virtnet_set_affinity
FNDA:7,virtnet_set_affinity
FN:2096,virtnet_cpu_online
FNDA:0,virtnet_cpu_online
FN:2104,virtnet_cpu_dead
FNDA:0,virtnet_cpu_dead
FN:2112,virtnet_cpu_down_prep
FNDA:0,virtnet_cpu_down_prep
FN:2123,virtnet_cpu_notif_add
FNDA:7,virtnet_cpu_notif_add
FN:2138,virtnet_cpu_notif_remove
FNDA:0,virtnet_cpu_notif_remove
FN:2145,virtnet_get_ringparam
FNDA:0,virtnet_get_ringparam
FN:2157,virtnet_get_drvinfo
FNDA:2,virtnet_get_drvinfo
FN:2170,virtnet_set_channels
FNDA:0,virtnet_set_channels
FN:2208,virtnet_get_strings
FNDA:0,virtnet_get_strings
FN:2235,virtnet_get_sset_count
FNDA:6,virtnet_get_sset_count
FN:2248,virtnet_get_ethtool_stats
FNDA:0,virtnet_get_ethtool_stats
FN:2285,virtnet_get_channels
FNDA:0,virtnet_get_channels
FN:2298,virtnet_set_link_ksettings
FNDA:0,virtnet_set_link_ksettings
FN:2307,virtnet_get_link_ksettings
FNDA:0,virtnet_get_link_ksettings
FN:2319,virtnet_set_coalesce
FNDA:0,virtnet_set_coalesce
FN:2340,virtnet_get_coalesce
FNDA:0,virtnet_get_coalesce
FN:2365,virtnet_update_settings
FNDA:7,virtnet_update_settings
FN:2401,virtnet_freeze_down
FNDA:0,virtnet_freeze_down
FN:2417,virtnet_restore_up
FNDA:0,virtnet_restore_up
FN:2442,virtnet_set_guest_offloads
FNDA:0,virtnet_set_guest_offloads
FN:2458,virtnet_clear_guest_offloads
FNDA:0,virtnet_clear_guest_offloads
FN:2468,virtnet_restore_guest_offloads
FNDA:0,virtnet_restore_guest_offloads
FN:2478,virtnet_xdp_set
FNDA:0,virtnet_xdp_set
FN:2591,virtnet_xdp
FNDA:0,virtnet_xdp
FN:2601,virtnet_get_phys_port_name
FNDA:15,virtnet_get_phys_port_name
FN:2617,virtnet_set_features
FNDA:2,virtnet_set_features
FN:2660,virtnet_config_changed_work
FNDA:1,virtnet_config_changed_work
FN:2693,virtnet_config_changed
FNDA:0,virtnet_config_changed
FN:2700,virtnet_free_queues
FNDA:0,virtnet_free_queues
FN:2719,_free_receive_bufs
FNDA:0,_free_receive_bufs
FN:2735,free_receive_bufs
FNDA:0,free_receive_bufs
FN:2742,free_receive_page_frags
FNDA:0,free_receive_page_frags
FN:2750,virtnet_sq_free_unused_buf
FNDA:0,virtnet_sq_free_unused_buf
FN:2758,virtnet_rq_free_unused_buf
FNDA:0,virtnet_rq_free_unused_buf
FN:2771,free_unused_bufs
FNDA:0,free_unused_bufs
FN:2791,virtnet_del_vqs
FNDA:0,virtnet_del_vqs
FN:2806,mergeable_min_buf_len
FNDA:7,mergeable_min_buf_len
FN:2818,virtnet_find_vqs
FNDA:7,virtnet_find_vqs
FN:2902,virtnet_alloc_queues
FNDA:7,virtnet_alloc_queues
FN:2942,init_vqs
FNDA:7,init_vqs
FN:2968,mergeable_rx_buffer_size_show
FNDA:0,mergeable_rx_buffer_size_show
FN:2998,virtnet_fail_on_feature
FNDA:0,virtnet_fail_on_feature
FN:3014,virtnet_validate_features
FNDA:1,virtnet_validate_features
FN:3035,virtnet_validate
FNDA:1,virtnet_validate
FN:3057,virtnet_probe
FNDA:7,virtnet_probe
FN:3281,remove_vq_common
FNDA:0,remove_vq_common
FN:3295,virtnet_remove
FNDA:0,virtnet_remove
FN:3313,virtnet_freeze
FNDA:0,virtnet_freeze
FN:3324,virtnet_restore
FNDA:0,virtnet_restore
FN:3390,virtio_net_driver_init
FNDA:1,virtio_net_driver_init
FN:3418,virtio_net_driver_exit
FNDA:0,virtio_net_driver_exit
DA:54,0
DA:258,0
DA:260,0
DA:263,0
DA:265,0
DA:268,0
DA:270,0
DA:276,0
DA:278,0
DA:281,14
DA:283,14
DA:286,0
DA:288,0
DA:291,14
DA:293,14
DA:296,0
DA:298,0
DA:305,0
DA:307,0
DA:310,0
DA:311,0
DA:312,0
DA:313,0
DA:315,0
DA:317,0
DA:319,0
DA:320,0
DA:322,0
DA:324,0
DA:325,0
DA:328,0
DA:330,0
DA:331,0
DA:332,0
DA:333,0
DA:335,0
DA:337,0
DA:338,0
DA:339,0
DA:340,0
DA:342,0
DA:345,0
DA:346,0
DA:347,0
DA:349,0
DA:351,0
DA:354,0
DA:356,0
DA:357,0
DA:358,0
DA:359,0
DA:361,0
DA:363,0
DA:365,0
DA:367,0
DA:368,0
DA:371,0
DA:373,0
DA:374,0
DA:377,0
DA:378,0
DA:381,0
DA:384,0
DA:387,0
DA:389,0
DA:392,0
DA:394,0
DA:398,0
DA:404,0
DA:405,0
DA:406,0
DA:407,0
DA:409,0
DA:412,0
DA:413,0
DA:416,0
DA:418,0
DA:419,0
DA:422,0
DA:425,0
DA:426,0
DA:428,0
DA:429,0
DA:430,0
DA:435,0
DA:438,0
DA:439,0
DA:441,0
DA:442,0
DA:443,0
DA:446,0
DA:447,0
DA:449,0
DA:450,0
DA:451,0
DA:453,0
DA:454,0
DA:463,0
DA:464,0
DA:465,0
DA:466,0
DA:468,0
DA:469,0
DA:470,0
DA:471,0
DA:473,0
DA:474,0
DA:475,0
DA:478,0
DA:479,0
DA:484,0
DA:488,0
DA:489,0
DA:491,0
DA:495,0
DA:497,0
DA:498,0
DA:499,0
DA:501,0
DA:503,0
DA:505,0
DA:506,0
DA:548,0
DA:551,0
DA:552,0
DA:553,0
DA:554,0
DA:555,0
DA:556,0
DA:557,0
DA:558,0
DA:559,0
DA:560,0
DA:561,0
DA:562,0
DA:567,0
DA:568,0
DA:571,0
DA:573,0
DA:574,0
DA:575,0
DA:576,0
DA:580,0
DA:581,0
DA:582,0
DA:584,0
DA:585,0
DA:587,0
DA:589,0
DA:590,0
DA:592,0
DA:595,0
DA:596,0
DA:598,0
DA:599,0
DA:600,0
DA:601,0
DA:604,0
DA:606,0
DA:607,0
DA:608,0
DA:610,0
DA:611,0
DA:612,0
DA:613,0
DA:614,0
DA:615,0
DA:616,0
DA:617,0
DA:619,0
DA:623,0
DA:625,0
DA:642,0
DA:649,0
DA:650,0
DA:652,0
DA:655,0
DA:656,0
DA:659,0
DA:660,0
DA:662,0
DA:663,0
DA:664,0
DA:665,0
DA:667,0
DA:668,0
DA:669,0
DA:671,0
DA:672,0
DA:677,0
DA:678,0
DA:679,0
DA:682,0
DA:683,0
DA:684,0
DA:685,0
DA:689,0
DA:690,0
DA:691,0
DA:692,0
DA:693,0
DA:696,0
DA:704,0
DA:705,0
DA:706,0
DA:707,0
DA:708,0
DA:709,0
DA:711,0
DA:712,0
DA:713,0
DA:714,0
DA:715,0
DA:717,0
DA:718,0
DA:720,0
DA:721,0
DA:723,0
DA:724,0
DA:726,0
DA:727,0
DA:728,0
DA:729,0
DA:730,0
DA:731,0
DA:732,0
DA:733,0
DA:735,0
DA:736,0
DA:738,0
DA:739,0
DA:740,0
DA:741,0
DA:743,0
DA:744,0
DA:745,0
DA:746,0
DA:748,0
DA:751,0
DA:752,0
DA:754,0
DA:755,0
DA:756,0
DA:759,0
DA:760,0
DA:761,0
DA:762,0
DA:763,0
DA:764,0
DA:765,0
DA:766,0
DA:767,0
DA:769,0
DA:770,0
DA:772,0
DA:773,0
DA:774,0
DA:775,0
DA:776,0
DA:777,0
DA:778,0
DA:779,0
DA:780,0
DA:781,0
DA:782,0
DA:783,0
DA:784,0
DA:786,0
DA:787,0
DA:788,0
DA:789,0
DA:790,0
DA:791,0
DA:792,0
DA:793,0
DA:794,0
DA:795,0
DA:796,0
DA:797,0
DA:798,0
DA:799,0
DA:800,0
DA:801,0
DA:802,0
DA:803,0
DA:806,0
DA:808,0
DA:809,0
DA:810,0
DA:811,0
DA:813,0
DA:814,0
DA:815,0
DA:816,0
DA:817,0
DA:820,0
DA:821,0
DA:823,0
DA:826,0
DA:827,0
DA:828,0
DA:829,0
DA:830,0
DA:831,0
DA:836,0
DA:843,0
DA:844,0
DA:845,0
DA:847,0
DA:848,0
DA:849,0
DA:853,0
DA:854,0
DA:855,0
DA:856,0
DA:859,0
DA:868,0
DA:869,0
DA:870,0
DA:871,0
DA:872,0
DA:873,0
DA:874,0
DA:875,0
DA:876,0
DA:877,0
DA:878,0
DA:880,0
DA:881,0
DA:883,0
DA:884,0
DA:886,0
DA:887,0
DA:889,0
DA:890,0
DA:891,0
DA:892,0
DA:893,0
DA:894,0
DA:895,0
DA:896,0
DA:902,0
DA:903,0
DA:908,0
DA:916,0
DA:919,0
DA:923,0
DA:925,0
DA:926,0
DA:935,0
DA:936,0
DA:937,0
DA:938,0
DA:939,0
DA:940,0
DA:941,0
DA:943,0
DA:944,0
DA:946,0
DA:947,0
DA:948,0
DA:955,0
DA:956,0
DA:961,0
DA:963,0
DA:964,0
DA:965,0
DA:966,0
DA:969,0
DA:971,0
DA:972,0
DA:973,0
DA:974,0
DA:975,0
DA:976,0
DA:977,0
DA:978,0
DA:980,0
DA:981,0
DA:982,0
DA:983,0
DA:984,0
DA:985,0
DA:987,0
DA:988,0
DA:989,0
DA:990,0
DA:991,0
DA:992,0
DA:993,0
DA:994,0
DA:995,0
DA:996,0
DA:997,0
DA:998,0
DA:1000,0
DA:1001,0
DA:1002,0
DA:1003,0
DA:1004,0
DA:1005,0
DA:1006,0
DA:1007,0
DA:1008,0
DA:1009,0
DA:1010,0
DA:1011,0
DA:1012,0
DA:1013,0
DA:1014,0
DA:1017,0
DA:1019,0
DA:1021,0
DA:1023,0
DA:1024,0
DA:1025,0
DA:1026,0
DA:1028,0
DA:1029,0
DA:1030,0
DA:1034,0
DA:1035,0
DA:1038,0
DA:1039,0
DA:1041,0
DA:1042,0
DA:1043,0
DA:1045,0
DA:1046,0
DA:1049,0
DA:1050,0
DA:1051,0
DA:1053,0
DA:1054,0
DA:1055,0
DA:1056,0
DA:1058,0
DA:1059,0
DA:1060,0
DA:1061,0
DA:1063,0
DA:1064,0
DA:1065,0
DA:1066,0
DA:1068,0
DA:1069,0
DA:1070,0
DA:1071,0
DA:1074,0
DA:1079,0
DA:1080,0
DA:1082,0
DA:1083,0
DA:1084,0
DA:1085,0
DA:1086,0
DA:1087,0
DA:1088,0
DA:1089,0
DA:1090,0
DA:1092,0
DA:1093,0
DA:1095,0
DA:1096,0
DA:1097,0
DA:1099,0
DA:1100,0
DA:1101,0
DA:1106,0
DA:1111,0
DA:1112,0
DA:1113,0
DA:1115,0
DA:1116,0
DA:1117,0
DA:1118,0
DA:1119,0
DA:1120,0
DA:1121,0
DA:1123,0
DA:1125,0
DA:1128,0
DA:1129,0
DA:1131,0
DA:1132,0
DA:1134,0
DA:1136,0
DA:1139,0
DA:1141,0
DA:1142,0
DA:1144,0
DA:1145,0
DA:1146,0
DA:1149,0
DA:1152,0
DA:1153,0
DA:1154,0
DA:1157,0
DA:1158,0
DA:1160,0
DA:1161,0
DA:1162,0
DA:1170,0
DA:1173,0
DA:1174,0
DA:1175,0
DA:1176,0
DA:1177,0
DA:1178,0
DA:1180,0
DA:1182,0
DA:1185,0
DA:1186,0
DA:1187,0
DA:1188,0
DA:1189,0
DA:1190,0
DA:1191,0
DA:1192,0
DA:1196,0
DA:1199,0
DA:1200,0
DA:1201,0
DA:1203,0
DA:1206,0
DA:1207,0
DA:1208,0
DA:1209,0
DA:1210,0
DA:1211,0
DA:1213,0
DA:1216,0
DA:1217,0
DA:1220,0
DA:1221,0
DA:1222,0
DA:1223,0
DA:1225,0
DA:1229,0
DA:1232,0
DA:1233,0
DA:1236,0
DA:1237,0
DA:1239,0
DA:1240,0
DA:1245,0
DA:1249,0
DA:1250,0
DA:1252,0
DA:1253,0
DA:1255,0
DA:1258,0
DA:1261,0
DA:1264,0
DA:1265,0
DA:1266,0
DA:1267,0
DA:1268,0
DA:1269,0
DA:1270,0
DA:1271,0
DA:1277,0
DA:1278,0
DA:1281,0
DA:1282,0
DA:1283,0
DA:1284,0
DA:1285,0
DA:1286,0
DA:1291,0
DA:1292,0
DA:1295,0
DA:1296,0
DA:1297,0
DA:1298,0
DA:1299,0
DA:1311,0
DA:1314,0
DA:1315,0
DA:1317,0
DA:1318,0
DA:1319,0
DA:1320,0
DA:1321,0
DA:1323,0
DA:1325,0
DA:1326,0
DA:1328,0
DA:1329,0
DA:1330,0
DA:1332,0
DA:1333,0
DA:1334,0
DA:1337,0
DA:1340,0
DA:1342,0
DA:1343,0
DA:1345,0
DA:1346,0
DA:1348,0
DA:1350,0
DA:1356,0
DA:1357,0
DA:1358,0
DA:1359,0
DA:1361,0
DA:1365,0
DA:1371,0
DA:1372,0
DA:1373,0
DA:1376,0
DA:1379,0
DA:1381,0
DA:1382,0
DA:1385,0
DA:1387,0
DA:1388,0
DA:1389,0
DA:1390,0
DA:1392,0
DA:1393,0
DA:1395,0
DA:1396,0
DA:1397,0
DA:1402,0
DA:1403,0
DA:1405,0
DA:1407,0
DA:1410,0
DA:1411,0
DA:1412,0
DA:1413,0
DA:1414,0
DA:1416,0
DA:1419,0
DA:1420,0
DA:1421,0
DA:1422,0
DA:1425,0
DA:1426,0
DA:1427,0
DA:1428,0
DA:1432,0
DA:1433,0
DA:1434,0
DA:1435,0
DA:1436,0
DA:1437,0
DA:1441,0
DA:1442,0
DA:1443,0
DA:1444,0
DA:1446,0
DA:1447,0
DA:1449,0
DA:1451,0
DA:1454,0
DA:1456,0
DA:1457,0
DA:1458,0
DA:1459,0
DA:1461,0
DA:1462,0
DA:1463,0
DA:1465,0
DA:1467,0
DA:1468,0
DA:1470,0
DA:1472,0
DA:1473,0
DA:1475,0
DA:1481,0
DA:1482,0
DA:1484,0
DA:1485,0
DA:1486,0
DA:1487,0
DA:1490,0
DA:1492,0
DA:1494,0
DA:1497,0
DA:1500,0
DA:1502,0
DA:1503,0
DA:1504,0
DA:1505,0
DA:1507,0
DA:1510,0
DA:1511,0
DA:1512,0
DA:1515,0
DA:1516,0
DA:1519,0
DA:1521,0
DA:1522,0
DA:1523,0
DA:1524,0
DA:1525,0
DA:1526,0
DA:1528,0
DA:1530,0
DA:1532,0
DA:1533,0
DA:1536,0
DA:1537,0
DA:1539,0
DA:1540,0
DA:1541,0
DA:1542,0
DA:1543,0
DA:1544,0
DA:1546,0
DA:1549,0
DA:1552,0
DA:1554,0
DA:1555,0
DA:1557,0
DA:1559,0
DA:1560,0
DA:1562,0
DA:1563,0
DA:1565,0
DA:1566,0
DA:1567,0
DA:1569,0
DA:1571,0
DA:1572,0
DA:1573,0
DA:1576,0
DA:1577,0
DA:1583,0
DA:1585,0
DA:1586,0
DA:1587,0
DA:1588,0
DA:1589,0
DA:1590,0
DA:1592,0
DA:1594,0
DA:1595,0
DA:1598,0
DA:1599,0
DA:1600,0
DA:1601,0
DA:1603,0
DA:1605,0
DA:1607,0
DA:1608,0
DA:1610,0
DA:1612,0
DA:1613,0
DA:1614,0
DA:1615,0
DA:1616,0
DA:1617,0
DA:1618,0
DA:1623,0
DA:1624,0
DA:1629,0
DA:1631,0
DA:1632,0
DA:1633,0
DA:1634,0
DA:1635,0
DA:1636,0
DA:1638,0
DA:1640,0
DA:1641,0
DA:1642,0
DA:1645,0
DA:1646,0
DA:1648,0
DA:1650,0
DA:1651,0
DA:1655,0
DA:1656,0
DA:1658,0
DA:1659,0
DA:1660,0
DA:1661,0
DA:1662,0
DA:1665,0
DA:1667,0
DA:1668,0
DA:1669,0
DA:1671,0
DA:1673,0
DA:1676,0
DA:1678,0
DA:1679,0
DA:1680,0
DA:1681,0
DA:1682,0
DA:1683,0
DA:1684,0
DA:1687,0
DA:1689,0
DA:1690,0
DA:1693,0
DA:1696,0
DA:1699,0
DA:1700,0
DA:1701,0
DA:1702,0
DA:1705,0
DA:1706,0
DA:1707,0
DA:1711,0
DA:1712,0
DA:1713,0
DA:1726,0
DA:1727,0
DA:1728,0
DA:1729,0
DA:1731,0
DA:1732,0
DA:1733,0
DA:1734,0
DA:1739,0
DA:1740,0
DA:1741,0
DA:1742,0
DA:1743,0
DA:1755,0
DA:1758,0
DA:1759,0
DA:1762,0
DA:1764,0
DA:1765,0
DA:1766,0
DA:1768,0
DA:1769,0
DA:1771,0
DA:1772,0
DA:1775,0
DA:1776,0
DA:1778,0
DA:1779,0
DA:1780,0
DA:1781,0
DA:1782,0
DA:1787,0
DA:1788,0
DA:1789,0
DA:1791,0
DA:1794,0
DA:1796,0
DA:1797,0
DA:1798,0
DA:1799,0
DA:1800,0
DA:1802,0
DA:1805,0
DA:1806,0
DA:1809,0
DA:1810,0
DA:1811,0
DA:1813,0
DA:1814,0
DA:1815,0
DA:1817,0
DA:1819,0
DA:1820,0
DA:1822,0
DA:1823,0
DA:1827,0
DA:1828,0
DA:1830,0
DA:1833,0
DA:1834,0
DA:1836,0
DA:1837,0
DA:1838,0
DA:1841,13
DA:1844,13
DA:1845,13
DA:1846,13
DA:1848,26
DA:1849,13
DA:1850,13
DA:1851,13
DA:1853,13
DA:1854,13
DA:1855,13
DA:1856,13
DA:1857,13
DA:1859,13
DA:1860,13
DA:1861,13
DA:1862,13
DA:1863,13
DA:1864,13
DA:1866,13
DA:1867,13
DA:1868,13
DA:1869,13
DA:1870,13
DA:1873,13
DA:1874,13
DA:1875,13
DA:1876,13
DA:1877,13
DA:1879,0
DA:1881,0
DA:1882,0
DA:1884,0
DA:1885,0
DA:1886,0
DA:1888,7
DA:1890,7
DA:1891,7
DA:1893,7
DA:1894,7
DA:1896,0
DA:1897,0
DA:1899,0
DA:1901,0
DA:1903,0
DA:1905,0
DA:1907,0
DA:1908,0
DA:1914,7
DA:1916,7
DA:1918,7
DA:1919,7
DA:1920,7
DA:1921,7
DA:1924,0
DA:1926,0
DA:1927,0
DA:1930,0
DA:1932,0
DA:1934,0
DA:1935,0
DA:1936,0
DA:1937,0
DA:1940,0
DA:1943,0
DA:1945,0
DA:1946,0
DA:1947,0
DA:1948,0
DA:1949,0
DA:1950,0
DA:1951,0
DA:1952,0
DA:1955,0
DA:1956,0
DA:1958,0
DA:1959,0
DA:1961,0
DA:1963,0
DA:1965,0
DA:1968,0
DA:1970,0
DA:1972,0
DA:1975,0
DA:1976,0
DA:1978,0
DA:1980,0
DA:1981,0
DA:1984,0
DA:1987,0
DA:1988,0
DA:1989,0
DA:1990,0
DA:1992,0
DA:1993,0
DA:1996,0
DA:1998,0
DA:1999,0
DA:2000,0
DA:2001,0
DA:2003,0
DA:2004,0
DA:2006,0
DA:2008,0
DA:2010,0
DA:2013,0
DA:2016,0
DA:2017,0
DA:2019,0
DA:2020,0
DA:2022,0
DA:2024,0
DA:2025,0
DA:2028,0
DA:2031,0
DA:2032,0
DA:2034,0
DA:2035,0
DA:2037,0
DA:2039,0
DA:2040,0
DA:2043,0
DA:2045,0
DA:2047,0
DA:2048,0
DA:2049,0
DA:2050,0
DA:2053,0
DA:2055,0
DA:2057,7
DA:2059,7
DA:2060,7
DA:2061,7
DA:2062,7
DA:2063,7
DA:2064,7
DA:2066,7
DA:2067,0
DA:2068,0
DA:2071,7
DA:2072,7
DA:2073,14
DA:2074,7
DA:2076,7
DA:2078,14
DA:2079,7
DA:2081,21
DA:2082,14
DA:2083,14
DA:2086,7
DA:2087,7
DA:2088,7
DA:2089,7
DA:2092,7
DA:2093,7
DA:2096,0
DA:2098,0
DA:2100,0
DA:2101,0
DA:2104,0
DA:2106,0
DA:2108,0
DA:2109,0
DA:2112,0
DA:2114,0
DA:2117,0
DA:2118,0
DA:2123,7
DA:2125,7
DA:2127,7
DA:2128,7
DA:2130,7
DA:2132,7
DA:2134,0
DA:2135,0
DA:2138,0
DA:2140,0
DA:2141,0
DA:2143,0
DA:2145,0
DA:2148,0
DA:2150,0
DA:2151,0
DA:2152,0
DA:2153,0
DA:2154,0
DA:2157,2
DA:2160,2
DA:2161,2
DA:2163,2
DA:2164,2
DA:2165,4
DA:2167,2
DA:2170,0
DA:2173,0
DA:2174,0
DA:2175,0
DA:2180,0
DA:2183,0
DA:2190,0
DA:2193,0
DA:2194,0
DA:2195,0
DA:2196,0
DA:2197,0
DA:2199,0
DA:2200,0
DA:2202,0
DA:2203,0
DA:2208,0
DA:2210,0
DA:2211,0
DA:2212,0
DA:2214,0
DA:2216,0
DA:2217,0
DA:2218,0
DA:2219,0
DA:2220,0
DA:2224,0
DA:2225,0
DA:2226,0
DA:2227,0
DA:2228,0
DA:2233,0
DA:2235,6
DA:2237,6
DA:2239,6
DA:2240,2
DA:2241,2
DA:2248,0
DA:2251,0
DA:2252,0
DA:2253,0
DA:2254,0
DA:2256,0
DA:2257,0
DA:2259,0
DA:2260,0
DA:2261,0
DA:2262,0
DA:2263,0
DA:2264,0
DA:2266,0
DA:2267,0
DA:2270,0
DA:2271,0
DA:2273,0
DA:2274,0
DA:2275,0
DA:2276,0
DA:2277,0
DA:2278,0
DA:2280,0
DA:2281,0
DA:2283,0
DA:2285,0
DA:2288,0
DA:2290,0
DA:2291,0
DA:2292,0
DA:2293,0
DA:2294,0
DA:2295,0
DA:2296,0
DA:2298,0
DA:2301,0
DA:2303,0
DA:2307,0
DA:2310,0
DA:2312,0
DA:2313,0
DA:2314,0
DA:2316,0
DA:2319,0
DA:2322,0
DA:2323,0
DA:2325,0
DA:2326,0
DA:2329,0
DA:2330,0
DA:2331,0
DA:2333,0
DA:2334,0
DA:2340,0
DA:2343,0
DA:2347,0
DA:2349,0
DA:2351,0
DA:2352,0
DA:2354,0
DA:2357,7
DA:2359,7
DA:2361,7
DA:2362,7
DA:2365,7
DA:2367,7
DA:2368,7
DA:2370,7
DA:2373,0
DA:2375,0
DA:2376,0
DA:2378,0
DA:2380,0
DA:2381,0
DA:2401,0
DA:2403,0
DA:2406,0
DA:2408,0
DA:2409,0
DA:2410,0
DA:2411,0
DA:2412,0
DA:2413,0
DA:2417,0
DA:2419,0
DA:2420,0
DA:2422,0
DA:2423,0
DA:2426,0
DA:2428,0
DA:2430,0
DA:2431,0
DA:2432,0
DA:2436,0
DA:2437,0
DA:2438,0
DA:2439,0
DA:2442,0
DA:2444,0
DA:2445,0
DA:2447,0
DA:2449,0
DA:2451,0
DA:2452,0
DA:2458,0
DA:2460,0
DA:2462,0
DA:2465,0
DA:2468,0
DA:2470,0
DA:2472,0
DA:2475,0
DA:2478,0
DA:2481,0
DA:2482,0
DA:2483,0
DA:2484,0
DA:2485,0
DA:2487,0
DA:2488,0
DA:2489,0
DA:2490,0
DA:2491,0
DA:2492,0
DA:2493,0
DA:2494,0
DA:2497,0
DA:2498,0
DA:2499,0
DA:2502,0
DA:2503,0
DA:2504,0
DA:2505,0
DA:2508,0
DA:2509,0
DA:2510,0
DA:2513,0
DA:2514,0
DA:2516,0
DA:2519,0
DA:2520,0
DA:2523,0
DA:2524,0
DA:2527,0
DA:2528,0
DA:2529,0
DA:2530,0
DA:2534,0
DA:2535,0
DA:2536,0
DA:2537,0
DA:2538,0
DA:2540,0
DA:2543,0
DA:2544,0
DA:2545,0
DA:2546,0
DA:2547,0
DA:2549,0
DA:2550,0
DA:2551,0
DA:2552,0
DA:2553,0
DA:2554,0
DA:2557,0
DA:2560,0
DA:2561,0
DA:2562,0
DA:2563,0
DA:2564,0
DA:2565,0
DA:2566,0
DA:2572,0
DA:2573,0
DA:2574,0
DA:2575,0
DA:2576,0
DA:2579,0
DA:2580,0
DA:2581,0
DA:2582,0
DA:2583,0
DA:2586,0
DA:2587,0
DA:2591,0
DA:2593,0
DA:2594,0
DA:2595,0
DA:2601,15
DA:2604,15
DA:2605,15
DA:2607,15
DA:2610,0
DA:2611,0
DA:2612,0
DA:2617,2
DA:2620,2
DA:2621,2
DA:2622,2
DA:2624,2
DA:2625,0
DA:2628,0
DA:2629,0
DA:2631,0
DA:2634,0
DA:2635,0
DA:2637,0
DA:2660,1
DA:2662,1
DA:2663,1
DA:2664,1
DA:2666,1
DA:2670,1
DA:2671,0
DA:2672,0
DA:2676,1
DA:2678,1
DA:2681,1
DA:2683,1
DA:2684,1
DA:2685,1
DA:2686,1
DA:2688,0
DA:2689,0
DA:2693,0
DA:2695,0
DA:2697,0
DA:2698,0
DA:2700,0
DA:2702,0
DA:2704,0
DA:2705,0
DA:2706,0
DA:2712,0
DA:2714,0
DA:2715,0
DA:2716,0
DA:2717,0
DA:2719,0
DA:2721,0
DA:2722,0
DA:2724,0
DA:2725,0
DA:2726,0
DA:2728,0
DA:2729,0
DA:2730,0
DA:2731,0
DA:2733,0
DA:2735,0
DA:2737,0
DA:2738,0
DA:2739,0
DA:2740,0
DA:2742,0
DA:2744,0
DA:2745,0
DA:2746,0
DA:2747,0
DA:2748,0
DA:2750,0
DA:2752,0
DA:2753,0
DA:2755,0
DA:2756,0
DA:2758,0
DA:2760,0
DA:2761,0
DA:2763,0
DA:2764,0
DA:2765,0
DA:2766,0
DA:2768,0
DA:2769,0
DA:2771,0
DA:2773,0
DA:2774,0
DA:2776,0
DA:2777,0
DA:2778,0
DA:2779,0
DA:2780,0
DA:2783,0
DA:2784,0
DA:2785,0
DA:2786,0
DA:2787,0
DA:2789,0
DA:2791,0
DA:2793,0
DA:2795,0
DA:2797,0
DA:2799,0
DA:2800,0
DA:2806,7
DA:2808,7
DA:2809,7
DA:2810,7
DA:2811,7
DA:2812,7
DA:2814,7
DA:2818,7
DA:2820,7
DA:2821,7
DA:2822,7
DA:2823,7
DA:2824,7
DA:2825,7
DA:2831,14
DA:2832,7
DA:2835,7
DA:2836,7
DA:2837,0
DA:2838,7
DA:2839,7
DA:2840,0
DA:2841,7
DA:2842,7
DA:2843,0
DA:2844,7
DA:2845,7
DA:2846,7
DA:2847,0
DA:2853,7
DA:2854,3
DA:2855,3
DA:2859,14
DA:2860,7
DA:2861,7
DA:2862,7
DA:2863,7
DA:2864,7
DA:2865,7
DA:2866,7
DA:2867,7
DA:2870,7
DA:2872,7
DA:2873,0
DA:2875,7
DA:2876,3
DA:2877,3
DA:2878,1
DA:2881,14
DA:2882,7
DA:2883,7
DA:2884,7
DA:2890,7
DA:2891,7
DA:2892,7
DA:2893,7
DA:2894,7
DA:2895,7
DA:2896,7
DA:2897,7
DA:2898,7
DA:2899,7
DA:2902,7
DA:2904,7
DA:2906,7
DA:2907,7
DA:2908,0
DA:2909,7
DA:2910,7
DA:2911,0
DA:2912,7
DA:2913,7
DA:2914,0
DA:2916,7
DA:2917,21
DA:2918,7
DA:2919,7
DA:2921,7
DA:2922,7
DA:2924,7
DA:2925,7
DA:2926,7
DA:2928,7
DA:2929,7
DA:2934,0
DA:2935,0
DA:2936,0
DA:2937,0
DA:2942,7
DA:2944,7
DA:2947,7
DA:2948,7
DA:2949,0
DA:2951,7
DA:2952,7
DA:2953,0
DA:2955,7
DA:2956,7
DA:2957,7
DA:2959,7
DA:2961,0
DA:2962,0
DA:2968,0
DA:2971,0
DA:2972,0
DA:2973,0
DA:2974,0
DA:2975,0
DA:2977,0
DA:2978,0
DA:2979,0
DA:2981,0
DA:2998,0
DA:3002,0
DA:3005,0
DA:3008,0
DA:3014,1
DA:3016,1
DA:3017,0
DA:3018,0
DA:3019,0
DA:3020,0
DA:3021,0
DA:3022,0
DA:3023,0
DA:3024,0
DA:3026,0
DA:3035,1
DA:3037,1
DA:3038,0
DA:3040,0
DA:3043,1
DA:3046,1
DA:3047,0
DA:3050,0
DA:3051,0
DA:3057,7
DA:3059,7
DA:3060,7
DA:3061,7
DA:3062,7
DA:3063,7
DA:3066,7
DA:3071,2
DA:3072,1
DA:3073,1
DA:3077,7
DA:3078,7
DA:3082,7
DA:3083,7
DA:3084,7
DA:3086,7
DA:3087,7
DA:3090,7
DA:3092,5
DA:3093,5
DA:3094,5
DA:3096,5
DA:3097,0
DA:3101,5
DA:3102,1
DA:3103,5
DA:3104,1
DA:3105,5
DA:3106,1
DA:3108,5
DA:3110,5
DA:3111,5
DA:3114,7
DA:3115,1
DA:3116,13
DA:3117,6
DA:3118,1
DA:3119,7
DA:3120,1
DA:3122,7
DA:3125,7
DA:3126,7
DA:3129,7
DA:3130,9
DA:3132,2
DA:3134,5
DA:3137,7
DA:3138,7
DA:3139,7
DA:3140,7
DA:3142,7
DA:3143,7
DA:3146,13
DA:3147,12
DA:3148,12
DA:3149,6
DA:3150,1
DA:3152,7
DA:3153,1
DA:3155,7
DA:3156,6
DA:3157,1
DA:3159,6
DA:3161,7
DA:3162,7
DA:3163,1
DA:3165,7
DA:3166,3
DA:3168,7
DA:3169,1
DA:3172,1
DA:3176,0
DA:3179,0
DA:3180,0
DA:3183,1
DA:3184,1
DA:3187,1
DA:3188,0
DA:3191,7
DA:3192,1
DA:3195,7
DA:3196,7
DA:3198,0
DA:3199,7
DA:3202,7
DA:3203,7
DA:3204,0
DA:3207,7
DA:3208,1
DA:3210,7
DA:3211,7
DA:3213,7
DA:3215,7
DA:3216,0
DA:3217,0
DA:3218,0
DA:3219,0
DA:3224,7
DA:3226,7
DA:3227,7
DA:3228,0
DA:3229,0
DA:3230,0
DA:3233,7
DA:3235,7
DA:3237,7
DA:3238,7
DA:3239,0
DA:3240,0
DA:3243,7
DA:3247,7
DA:3248,7
DA:3249,1
DA:3251,6
DA:3252,6
DA:3253,6
DA:3256,42
DA:3257,35
DA:3258,5
DA:3259,7
DA:3261,14
DA:3266,0
DA:3267,0
DA:3269,0
DA:3270,0
DA:3271,0
DA:3272,0
DA:3273,0
DA:3274,0
DA:3275,0
DA:3276,0
DA:3277,0
DA:3278,0
DA:3281,0
DA:3283,0
DA:3286,0
DA:3288,0
DA:3290,0
DA:3292,0
DA:3293,0
DA:3295,0
DA:3297,0
DA:3299,0
DA:3302,0
DA:3304,0
DA:3306,0
DA:3308,0
DA:3310,0
DA:3311,0
DA:3313,0
DA:3315,0
DA:3317,0
DA:3318,0
DA:3319,0
DA:3321,0
DA:3324,0
DA:3326,0
DA:3327,0
DA:3329,0
DA:3330,0
DA:3332,0
DA:3334,0
DA:3335,0
DA:3336,0
DA:3337,0
DA:3338,0
DA:3390,1
DA:3392,1
DA:3394,1
DA:3397,1
DA:3398,0
DA:3399,1
DA:3400,1
DA:3402,1
DA:3403,0
DA:3405,1
DA:3406,1
DA:3407,0
DA:3409,0
DA:3410,0
DA:3411,0
DA:3412,0
DA:3418,0
DA:3420,0
DA:3421,0
DA:3422,0
DA:3423,0
end_of_record
